android-free/proguard/mapping.txt
com.badlogic.gdx.backends.android.surfaceview.GLException -> com.badlogic.gdx.backends.android.surfaceview.p:
    int mError -> a
    32:36:java.lang.String getErrorString(int) -> a
com.badlogic.gdx.backends.android.surfaceview.GLLogWrapper -> com.badlogic.gdx.backends.android.surfaceview.q:
    java.io.Writer mLog -> k
    boolean mLogArgumentNames -> l
    int mArgCount -> m
    com.badlogic.gdx.backends.android.surfaceview.GLLogWrapper$PointerInfo mColorPointer -> n
    com.badlogic.gdx.backends.android.surfaceview.GLLogWrapper$PointerInfo mNormalPointer -> o
    com.badlogic.gdx.backends.android.surfaceview.GLLogWrapper$PointerInfo mTexCoordPointer -> p
    com.badlogic.gdx.backends.android.surfaceview.GLLogWrapper$PointerInfo mVertexPointer -> q
    boolean mColorArrayEnabled -> a
    boolean mNormalArrayEnabled -> b
    boolean mTextureCoordArrayEnabled -> c
    boolean mVertexArrayEnabled -> d
    java.lang.StringBuilder mStringBuilder -> e
    45:49:void checkError() -> a
    52:53:void logLine(java.lang.String) -> a
    57:61:void log(java.lang.String) -> b
    64:66:void begin(java.lang.String) -> c
    69:76:void arg(java.lang.String,java.lang.String) -> a
    79:81:void end() -> b
    85:89:void flush() -> c
    92:93:void arg(java.lang.String,boolean) -> a
    96:97:void arg(java.lang.String,int) -> a
    100:101:void arg(java.lang.String,float) -> a
    104:106:void returns(java.lang.String) -> d
    109:110:void returns(int) -> a
    113:114:void arg(java.lang.String,int,int[],int) -> a
    117:118:void arg(java.lang.String,int,short[],int) -> a
    121:122:void arg(java.lang.String,int,float[],int) -> a
com.badlogic.gdx.backends.android.surfaceview.GLLogWrapper$PointerInfo -> com.badlogic.gdx.backends.android.surfaceview.r:
    int mSize -> a
    int mType -> b
    int mStride -> c
    java.nio.Buffer mPointer -> d
    java.nio.ByteBuffer mTempByteBuffer -> e
    com.badlogic.gdx.backends.android.surfaceview.GLLogWrapper this$0 -> f
    2971:2983:int sizeof(int) -> a
    2988:2988:int getStride() -> a
    2992:2993:void bindByteBuffer() -> b
    2996:2997:void unbindByteBuffer() -> c
com.badlogic.gdx.backends.android.surfaceview.GLSurfaceView20 -> com.badlogic.gdx.backends.android.surfaceview.s:
    java.lang.String TAG -> a
    com.badlogic.gdx.backends.android.surfaceview.ResolutionStrategy resolutionStrategy -> b
    58:60:void onMeasure(int,int) -> onMeasure
    69:86:void init(boolean,int,int) -> a
    107:110:void checkEglError(java.lang.String,javax.microedition.khronos.egl.EGL10) -> a
com.badlogic.gdx.backends.android.surfaceview.GLSurfaceView20$ConfigChooser -> com.badlogic.gdx.backends.android.surfaceview.t:
    int EGL_OPENGL_ES2_BIT -> g
    int[] s_configAttribs2 -> h
    int mRedSize -> a
    int mGreenSize -> b
    int mBlueSize -> c
    int mAlphaSize -> d
    int mDepthSize -> e
    int mStencilSize -> f
    int[] mValue -> i
    136:157:javax.microedition.khronos.egl.EGLConfig chooseConfig(javax.microedition.khronos.egl.EGL10,javax.microedition.khronos.egl.EGLDisplay) -> chooseConfig
    161:176:javax.microedition.khronos.egl.EGLConfig chooseConfig(javax.microedition.khronos.egl.EGL10,javax.microedition.khronos.egl.EGLDisplay,javax.microedition.khronos.egl.EGLConfig[]) -> a
    181:184:int findConfigAttrib(javax.microedition.khronos.egl.EGL10,javax.microedition.khronos.egl.EGLDisplay,javax.microedition.khronos.egl.EGLConfig,int,int) -> a
com.badlogic.gdx.backends.android.surfaceview.GLSurfaceView20$ContextFactory -> com.badlogic.gdx.backends.android.surfaceview.u:
    int EGL_CONTEXT_CLIENT_VERSION -> a
    92:97:javax.microedition.khronos.egl.EGLContext createContext(javax.microedition.khronos.egl.EGL10,javax.microedition.khronos.egl.EGLDisplay,javax.microedition.khronos.egl.EGLConfig) -> createContext
    101:102:void destroyContext(javax.microedition.khronos.egl.EGL10,javax.microedition.khronos.egl.EGLDisplay,javax.microedition.khronos.egl.EGLContext) -> destroyContext